[0.020s] Invoking command in '/media/wy/7089b057-a6d2-459b-a158-eae994447d5b/MA/ros2_ws/build/imu_echo': /usr/bin/cmake --build /media/wy/7089b057-a6d2-459b-a158-eae994447d5b/MA/ros2_ws/build/imu_echo -- -j1 -l1
[0.095s] -- Found ament_cmake: 0.9.9 (/opt/ros/foxy/share/ament_cmake/cmake)
[0.118s] -- Using PYTHON_EXECUTABLE: /usr/bin/python3
[0.305s] -- Found rclcpp: 2.4.1 (/opt/ros/foxy/share/rclcpp/cmake)
[0.338s] -- Using all available rosidl_typesupport_c: rosidl_typesupport_fastrtps_c;rosidl_typesupport_introspection_c
[0.341s] -- Found rosidl_adapter: 1.2.1 (/opt/ros/foxy/share/rosidl_adapter/cmake)
[0.464s] -- Using all available rosidl_typesupport_cpp: rosidl_typesupport_fastrtps_cpp;rosidl_typesupport_introspection_cpp
[0.512s] -- Found rmw_implementation_cmake: 1.0.3 (/opt/ros/foxy/share/rmw_implementation_cmake/cmake)
[0.514s] -- Using RMW implementation 'rmw_fastrtps_cpp' as default
[0.659s] -- Found sensor_msgs: 2.0.5 (/opt/ros/foxy/share/sensor_msgs/cmake)
[0.773s] -- Found ament_lint_auto: 0.9.6 (/opt/ros/foxy/share/ament_lint_auto/cmake)
[0.822s] Error parsing '/media/wy/7089b057-a6d2-459b-a158-eae994447d5b/MA/ros2_ws/src/imu_echo/package.xml':
[0.941s] Traceback (most recent call last):
[0.942s]   File "/usr/lib/python3/dist-packages/catkin_pkg/package.py", line 597, in parse_package_string
[0.942s]     root = dom.parseString(data)
[0.942s]   File "/usr/lib/python3.8/xml/dom/minidom.py", line 1969, in parseString
[0.942s]     return expatbuilder.parseString(string)
[0.942s]   File "/usr/lib/python3.8/xml/dom/expatbuilder.py", line 925, in parseString
[0.942s]     return builder.parseString(string)
[0.942s]   File "/usr/lib/python3.8/xml/dom/expatbuilder.py", line 223, in parseString
[0.942s]     parser.Parse(string, True)
[0.942s] xml.parsers.expat.ExpatError: not well-formed (invalid token): line 7, column 24
[0.942s] 
[0.942s] During handling of the above exception, another exception occurred:
[0.942s] 
[0.943s] Traceback (most recent call last):
[0.943s]   File "/opt/ros/foxy/share/ament_cmake_core/cmake/core/package_xml_2_cmake.py", line 143, in <module>
[0.943s]     main()
[0.943s]   File "/opt/ros/foxy/share/ament_cmake_core/cmake/core/package_xml_2_cmake.py", line 52, in main
[0.943s]     raise e
[0.943s]   File "/opt/ros/foxy/share/ament_cmake_core/cmake/core/package_xml_2_cmake.py", line 48, in main
[0.943s]     package = parse_package_string(
[0.943s]   File "/usr/lib/python3/dist-packages/catkin_pkg/package.py", line 599, in parse_package_string
[0.943s]     raise InvalidPackage('The manifest contains invalid XML:\n%s' % ex, filename)
[0.943s] catkin_pkg.package.InvalidPackage: Error(s) in package '/media/wy/7089b057-a6d2-459b-a158-eae994447d5b/MA/ros2_ws/src/imu_echo/package.xml':
[0.943s] The manifest contains invalid XML:
[0.943s] not well-formed (invalid token): line 7, column 24
[0.968s] CMake Error at /opt/ros/foxy/share/ament_cmake_core/cmake/core/ament_package_xml.cmake:94 (message):
[0.969s]   execute_process(/usr/bin/python3
[0.971s]   /opt/ros/foxy/share/ament_cmake_core/cmake/core/package_xml_2_cmake.py
[0.971s]   /media/wy/7089b057-a6d2-459b-a158-eae994447d5b/MA/ros2_ws/src/imu_echo/package.xml
[0.971s]   /media/wy/7089b057-a6d2-459b-a158-eae994447d5b/MA/ros2_ws/build/imu_echo/ament_cmake_core/package.cmake)
[0.971s]   returned error code 1
[0.971s] Call Stack (most recent call first):
[0.971s]   /opt/ros/foxy/share/ament_cmake_core/cmake/core/ament_package_xml.cmake:49 (_ament_package_xml)
[0.971s]   /opt/ros/foxy/share/ament_lint_auto/cmake/ament_lint_auto_find_test_dependencies.cmake:31 (ament_package_xml)
[0.971s]   CMakeLists.txt:43 (ament_lint_auto_find_test_dependencies)
[0.971s] 
[0.971s] 
[0.972s] -- Configuring incomplete, errors occurred!
[0.972s] See also "/media/wy/7089b057-a6d2-459b-a158-eae994447d5b/MA/ros2_ws/build/imu_echo/CMakeFiles/CMakeOutput.log".
[0.972s] See also "/media/wy/7089b057-a6d2-459b-a158-eae994447d5b/MA/ros2_ws/build/imu_echo/CMakeFiles/CMakeError.log".
[0.979s] make: *** [Makefile:266: cmake_check_build_system] Error 1
[0.981s] Invoked command in '/media/wy/7089b057-a6d2-459b-a158-eae994447d5b/MA/ros2_ws/build/imu_echo' returned '2': /usr/bin/cmake --build /media/wy/7089b057-a6d2-459b-a158-eae994447d5b/MA/ros2_ws/build/imu_echo -- -j1 -l1
