[0.018s] Invoking command in '/media/wy/7089b057-a6d2-459b-a158-eae994447d5b/MA/ros2_ws/build/imu_echo': CMAKE_PREFIX_PATH=${CMAKE_PREFIX_PATH}:/opt/ros/foxy /usr/bin/cmake --build /media/wy/7089b057-a6d2-459b-a158-eae994447d5b/MA/ros2_ws/build/imu_echo -- -j1 -l1
[0.106s] [35m[1mScanning dependencies of target imu_echo[0m
[0.223s] [ 50%] [32mBuilding CXX object CMakeFiles/imu_echo.dir/src/imu_echo.cpp.o[0m
[1.790s] [01m[K/media/wy/7089b057-a6d2-459b-a158-eae994447d5b/MA/ros2_ws/src/imu_echo/src/imu_echo.cpp:44:39:[m[K [01;31m[Kerror: [m[Kâ€˜[01m[KString[m[Kâ€™ is not a member of â€˜[01m[Kstd_msgs::msg[m[Kâ€™
[1.790s]    44 |   rclcpp::Subscription<std_msgs::msg::[01;31m[KString[m[K>::SharedPtr subscription_;
[1.790s]       |                                       [01;31m[K^~~~~~[m[K
[1.791s] [01m[K/media/wy/7089b057-a6d2-459b-a158-eae994447d5b/MA/ros2_ws/src/imu_echo/src/imu_echo.cpp:44:39:[m[K [01;31m[Kerror: [m[Kâ€˜[01m[KString[m[Kâ€™ is not a member of â€˜[01m[Kstd_msgs::msg[m[Kâ€™
[1.791s] [01m[K/media/wy/7089b057-a6d2-459b-a158-eae994447d5b/MA/ros2_ws/src/imu_echo/src/imu_echo.cpp:44:45:[m[K [01;31m[Kerror: [m[Ktemplate argument 1 is invalid
[1.791s]    44 |   rclcpp::Subscription<std_msgs::msg::String[01;31m[K>[m[K::SharedPtr subscription_;
[1.791s]       |                                             [01;31m[K^[m[K
[1.791s] [01m[K/media/wy/7089b057-a6d2-459b-a158-eae994447d5b/MA/ros2_ws/src/imu_echo/src/imu_echo.cpp:44:45:[m[K [01;31m[Kerror: [m[Ktemplate argument 3 is invalid
[1.791s] [01m[K/media/wy/7089b057-a6d2-459b-a158-eae994447d5b/MA/ros2_ws/src/imu_echo/src/imu_echo.cpp:44:48:[m[K [01;31m[Kerror: [m[Kexpected â€˜[01m[K;[m[Kâ€™ at end of member declaration
[1.791s]    44 |   rclcpp::Subscription<std_msgs::msg::String>::[01;31m[KSharedPtr[m[K subscription_;
[1.791s]       |                                                [01;31m[K^~~~~~~~~[m[K
[1.792s]       |                                                         [32m[K;[m[K
[1.794s] [01m[K/media/wy/7089b057-a6d2-459b-a158-eae994447d5b/MA/ros2_ws/src/imu_echo/src/imu_echo.cpp:44:58:[m[K [01;31m[Kerror: [m[Kâ€˜[01m[Ksubscription_[m[Kâ€™ does not name a type; did you mean â€˜[01m[Krcl_subscription_t[m[Kâ€™?
[1.798s]    44 |   rclcpp::Subscription<std_msgs::msg::String>::SharedPtr [01;31m[Ksubscription_[m[K;
[1.798s]       |                                                          [01;31m[K^~~~~~~~~~~~~[m[K
[1.798s]       |                                                          [32m[Krcl_subscription_t[m[K
[1.807s] [01m[K/media/wy/7089b057-a6d2-459b-a158-eae994447d5b/MA/ros2_ws/src/imu_echo/src/imu_echo.cpp:[m[K In constructor â€˜[01m[KIMU_echo2txt::IMU_echo2txt()[m[Kâ€™:
[1.807s] [01m[K/media/wy/7089b057-a6d2-459b-a158-eae994447d5b/MA/ros2_ws/src/imu_echo/src/imu_echo.cpp:17:5:[m[K [01;31m[Kerror: [m[Kâ€˜[01m[Ksubscription_[m[Kâ€™ was not declared in this scope; did you mean â€˜[01m[Krcl_subscription_t[m[Kâ€™?
[1.807s]    17 |     [01;31m[Ksubscription_[m[K = this->create_subscription<sensor_msgs::msg::Imu>(
[1.807s]       |     [01;31m[K^~~~~~~~~~~~~[m[K
[1.807s]       |     [32m[Krcl_subscription_t[m[K
[1.838s] [01m[K/media/wy/7089b057-a6d2-459b-a158-eae994447d5b/MA/ros2_ws/src/imu_echo/src/imu_echo.cpp:[m[K In member function â€˜[01m[Kvoid IMU_echo2txt::topic_callback(sensor_msgs::msg::Imu_<std::allocator<void> >::SharedPtr) const[m[Kâ€™:
[1.838s] [01m[K/media/wy/7089b057-a6d2-459b-a158-eae994447d5b/MA/ros2_ws/src/imu_echo/src/imu_echo.cpp:25:5:[m[K [01;31m[Kerror: [m[Kâ€˜[01m[KString[m[Kâ€™ was not declared in this scope
[1.838s]    25 |     [01;31m[KString[m[K path = "/home/wy/Documents/MSA/imu.txt";
[1.839s]       |     [01;31m[K^~~~~~[m[K
[1.839s] [01m[K/media/wy/7089b057-a6d2-459b-a158-eae994447d5b/MA/ros2_ws/src/imu_echo/src/imu_echo.cpp:27:5:[m[K [01;31m[Kerror: [m[Kâ€˜[01m[Kofstream[m[Kâ€™ was not declared in this scope; did you mean â€˜[01m[Kstd::ofstream[m[Kâ€™?
[1.839s]    27 |     [01;31m[Kofstream[m[K loop_path_file(path, ios::app);
[1.839s]       |     [01;31m[K^~~~~~~~[m[K
[1.840s]       |     [32m[Kstd::ofstream[m[K
[1.840s] In file included from [01m[K/usr/include/c++/9/memory:72[m[K,
[1.840s]                  from [01m[K/media/wy/7089b057-a6d2-459b-a158-eae994447d5b/MA/ros2_ws/src/imu_echo/src/imu_echo.cpp:1[m[K:
[1.840s] [01m[K/usr/include/c++/9/iosfwd:165:34:[m[K [01;36m[Knote: [m[Kâ€˜[01m[Kstd::ofstream[m[Kâ€™ declared here
[1.840s]   165 |   typedef basic_ofstream<char>   [01;36m[Kofstream[m[K;
[1.840s]       |                                  [01;36m[K^~~~~~~~[m[K
[1.843s] [01m[K/media/wy/7089b057-a6d2-459b-a158-eae994447d5b/MA/ros2_ws/src/imu_echo/src/imu_echo.cpp:28:9:[m[K [01;31m[Kerror: [m[Kâ€˜[01m[Kloop_path_file[m[Kâ€™ was not declared in this scope
[1.843s]    28 |         [01;31m[Kloop_path_file[m[K.setf(ios::fixed, ios::floatfield);
[1.843s]       |         [01;31m[K^~~~~~~~~~~~~~[m[K
[1.844s] [01m[K/media/wy/7089b057-a6d2-459b-a158-eae994447d5b/MA/ros2_ws/src/imu_echo/src/imu_echo.cpp:28:29:[m[K [01;31m[Kerror: [m[Kâ€˜[01m[Kios[m[Kâ€™ has not been declared
[1.844s]    28 |         loop_path_file.setf([01;31m[Kios[m[K::fixed, ios::floatfield);
[1.844s]       |                             [01;31m[K^~~[m[K
[1.844s] [01m[K/media/wy/7089b057-a6d2-459b-a158-eae994447d5b/MA/ros2_ws/src/imu_echo/src/imu_echo.cpp:28:41:[m[K [01;31m[Kerror: [m[Kâ€˜[01m[Kios[m[Kâ€™ has not been declared
[1.844s]    28 |         loop_path_file.setf(ios::fixed, [01;31m[Kios[m[K::floatfield);
[1.844s]       |                                         [01;31m[K^~~[m[K
[1.845s] [01m[K/media/wy/7089b057-a6d2-459b-a158-eae994447d5b/MA/ros2_ws/src/imu_echo/src/imu_echo.cpp:30:31:[m[K [01;31m[Kerror: [m[Kâ€˜[01m[Kconst SharedPtr[m[Kâ€™ {aka â€˜[01m[Kconst class std::shared_ptr<sensor_msgs::msg::Imu_<std::allocator<void> > >[m[Kâ€™} has no member named â€˜[01m[Kheader[m[Kâ€™
[1.845s]    30 |         loop_path_file << msg.[01;31m[Kheader[m[K.stamp * 1e9 << ",";
[1.845s]       |                               [01;31m[K^~~~~~[m[K
[1.845s] [01m[K/media/wy/7089b057-a6d2-459b-a158-eae994447d5b/MA/ros2_ws/src/imu_echo/src/imu_echo.cpp:32:32:[m[K [01;31m[Kerror: [m[Kâ€˜[01m[Kconst SharedPtr[m[Kâ€™ {aka â€˜[01m[Kconst class std::shared_ptr<sensor_msgs::msg::Imu_<std::allocator<void> > >[m[Kâ€™} has no member named â€˜[01m[Kangular_velocity[m[Kâ€™
[1.845s]    32 |         loop_path_file  << msg.[01;31m[Kangular_velocity[m[K.x() << ","
[1.845s]       |                                [01;31m[K^~~~~~~~~~~~~~~~[m[K
[1.846s] [01m[K/media/wy/7089b057-a6d2-459b-a158-eae994447d5b/MA/ros2_ws/src/imu_echo/src/imu_echo.cpp:33:22:[m[K [01;31m[Kerror: [m[Kâ€˜[01m[Kconst SharedPtr[m[Kâ€™ {aka â€˜[01m[Kconst class std::shared_ptr<sensor_msgs::msg::Imu_<std::allocator<void> > >[m[Kâ€™} has no member named â€˜[01m[Kangular_velocity[m[Kâ€™
[1.846s]    33 |               << msg.[01;31m[Kangular_velocity[m[K.y() << ","
[1.846s]       |                      [01;31m[K^~~~~~~~~~~~~~~~[m[K
[1.846s] [01m[K/media/wy/7089b057-a6d2-459b-a158-eae994447d5b/MA/ros2_ws/src/imu_echo/src/imu_echo.cpp:34:22:[m[K [01;31m[Kerror: [m[Kâ€˜[01m[Kconst SharedPtr[m[Kâ€™ {aka â€˜[01m[Kconst class std::shared_ptr<sensor_msgs::msg::Imu_<std::allocator<void> > >[m[Kâ€™} has no member named â€˜[01m[Kangular_velocity[m[Kâ€™
[1.846s]    34 |               << msg.[01;31m[Kangular_velocity[m[K.z() << ","
[1.846s]       |                      [01;31m[K^~~~~~~~~~~~~~~~[m[K
[1.851s] [01m[K/media/wy/7089b057-a6d2-459b-a158-eae994447d5b/MA/ros2_ws/src/imu_echo/src/imu_echo.cpp:36:18:[m[K [01;31m[Kerror: [m[Kâ€˜[01m[Klinear_acceleration[m[Kâ€™ was not declared in this scope
[1.851s]    36 |               << [01;31m[Klinear_acceleration[m[K.x() << ","
[1.851s]       |                  [01;31m[K^~~~~~~~~~~~~~~~~~~[m[K
[1.852s] [01m[K/media/wy/7089b057-a6d2-459b-a158-eae994447d5b/MA/ros2_ws/src/imu_echo/src/imu_echo.cpp:39:18:[m[K [01;31m[Kerror: [m[Kâ€˜[01m[Kendl[m[Kâ€™ was not declared in this scope; did you mean â€˜[01m[Kstd::endl[m[Kâ€™?
[1.852s]    39 |               << [01;31m[Kendl[m[K;
[1.852s]       |                  [01;31m[K^~~~[m[K
[1.852s]       |                  [32m[Kstd::endl[m[K
[1.852s] In file included from [01m[K/usr/include/c++/9/iostream:39[m[K,
[1.852s]                  from [01m[K/media/wy/7089b057-a6d2-459b-a158-eae994447d5b/MA/ros2_ws/src/imu_echo/src/imu_echo.cpp:2[m[K:
[1.853s] [01m[K/usr/include/c++/9/ostream:599:5:[m[K [01;36m[Knote: [m[Kâ€˜[01m[Kstd::endl[m[Kâ€™ declared here
[1.853s]   599 |     [01;36m[Kendl[m[K(basic_ostream<_CharT, _Traits>& __os)
[1.853s]       |     [01;36m[K^~~~[m[K
[1.855s] [01m[K/media/wy/7089b057-a6d2-459b-a158-eae994447d5b/MA/ros2_ws/src/imu_echo/src/imu_echo.cpp:[m[K In function â€˜[01m[Kint main(int, char**)[m[Kâ€™:
[1.855s] [01m[K/media/wy/7089b057-a6d2-459b-a158-eae994447d5b/MA/ros2_ws/src/imu_echo/src/imu_echo.cpp:50:33:[m[K [01;31m[Kerror: [m[Kâ€˜[01m[KMinimalSubscriber[m[Kâ€™ was not declared in this scope
[1.855s]    50 |   rclcpp::spin(std::make_shared<[01;31m[KMinimalSubscriber[m[K>());
[1.856s]       |                                 [01;31m[K^~~~~~~~~~~~~~~~~[m[K
[1.856s] [01m[K/media/wy/7089b057-a6d2-459b-a158-eae994447d5b/MA/ros2_ws/src/imu_echo/src/imu_echo.cpp:50:52:[m[K [01;31m[Kerror: [m[Kno matching function for call to â€˜[01m[Kmake_shared<<expression error> >()[m[Kâ€™
[1.856s]    50 |   rclcpp::spin(std::make_shared<MinimalSubscriber>([01;31m[K)[m[K);
[1.856s]       |                                                    [01;31m[K^[m[K
[1.856s] In file included from [01m[K/usr/include/c++/9/memory:81[m[K,
[1.856s]                  from [01m[K/media/wy/7089b057-a6d2-459b-a158-eae994447d5b/MA/ros2_ws/src/imu_echo/src/imu_echo.cpp:1[m[K:
[1.857s] [01m[K/usr/include/c++/9/bits/shared_ptr.h:714:5:[m[K [01;36m[Knote: [m[Kcandidate: â€˜[01m[Ktemplate<class _Tp, class ... _Args> std::shared_ptr<_Tp> std::make_shared(_Args&& ...)[m[Kâ€™
[1.857s]   714 |     [01;36m[Kmake_shared[m[K(_Args&&... __args)
[1.857s]       |     [01;36m[K^~~~~~~~~~~[m[K
[1.857s] [01m[K/usr/include/c++/9/bits/shared_ptr.h:714:5:[m[K [01;36m[Knote: [m[K  template argument deduction/substitution failed:
[1.857s] [01m[K/media/wy/7089b057-a6d2-459b-a158-eae994447d5b/MA/ros2_ws/src/imu_echo/src/imu_echo.cpp:50:52:[m[K [01;31m[Kerror: [m[Ktemplate argument 1 is invalid
[1.857s]    50 |   rclcpp::spin(std::make_shared<MinimalSubscriber>([01;31m[K)[m[K);
[1.858s]       |                                                    [01;31m[K^[m[K
[3.458s] make[2]: *** [CMakeFiles/imu_echo.dir/build.make:63: CMakeFiles/imu_echo.dir/src/imu_echo.cpp.o] Error 1
[3.463s] make[1]: *** [CMakeFiles/Makefile2:78: CMakeFiles/imu_echo.dir/all] Error 2
[3.463s] make: *** [Makefile:141: all] Error 2
[3.464s] Invoked command in '/media/wy/7089b057-a6d2-459b-a158-eae994447d5b/MA/ros2_ws/build/imu_echo' returned '2': CMAKE_PREFIX_PATH=${CMAKE_PREFIX_PATH}:/opt/ros/foxy /usr/bin/cmake --build /media/wy/7089b057-a6d2-459b-a158-eae994447d5b/MA/ros2_ws/build/imu_echo -- -j1 -l1
